
*** Running vivado
    with args -log MACC.vds -m64 -mode batch -messageDb vivado.pb -notrace -source MACC.tcl


****** Vivado v2016.2 (64-bit)
  **** SW Build 1577090 on Thu Jun  2 16:32:40 MDT 2016
  **** IP Build 1577682 on Fri Jun  3 12:00:54 MDT 2016
    ** Copyright 1986-2016 Xilinx, Inc. All Rights Reserved.

source MACC.tcl -notrace
Command: synth_design -top MACC -part xc7a100tcsg324-1
Starting synth_design
Attempting to get a license for feature 'Synthesis' and/or device 'xc7a100t'
INFO: [Common 17-349] Got license for feature 'Synthesis' and/or device 'xc7a100t'
INFO: Launching helper process for spawning children vivado processes
INFO: Helper process launched with PID 3352 
---------------------------------------------------------------------------------
Starting Synthesize : Time (s): cpu = 00:00:04 ; elapsed = 00:00:05 . Memory (MB): peak = 315.887 ; gain = 107.602
---------------------------------------------------------------------------------
INFO: [Synth 8-638] synthesizing module 'MACC' [C:/Users/husseinz/Desktop/ece_212/HW4/HW4.srcs/sources_1/new/MACC.sv:1]
INFO: [Synth 8-638] synthesizing module 'MACC_MACRO' [C:/Xilinx/Vivado/2016.2/data/verilog/src/unimacro/MACC_MACRO.v:23]
	Parameter DEVICE bound to: 7SERIES - type: string 
	Parameter LATENCY bound to: 3 - type: integer 
	Parameter WIDTH_A bound to: 25 - type: integer 
	Parameter WIDTH_B bound to: 18 - type: integer 
	Parameter WIDTH_P bound to: 48 - type: integer 
	Parameter MODEL_TYPE bound to: 0 - type: integer 
	Parameter VERBOSITY bound to: 0 - type: integer 
	Parameter AREG_IN bound to: 1 - type: integer 
	Parameter BREG_IN bound to: 1 - type: integer 
	Parameter MREG_IN bound to: 1 - type: integer 
	Parameter PREG_IN bound to: 1 - type: integer 
	Parameter A1REG_IN bound to: 1 - type: integer 
	Parameter A0REG_IN bound to: 0 - type: integer 
	Parameter B1REG_IN bound to: 1 - type: integer 
	Parameter B0REG_IN bound to: 0 - type: integer 
INFO: [Synth 8-638] synthesizing module 'DSP48E1' [C:/Xilinx/Vivado/2016.2/scripts/rt/data/unisim_comp.v:3429]
	Parameter ACASCREG bound to: 1 - type: integer 
	Parameter ADREG bound to: 0 - type: integer 
	Parameter ALUMODEREG bound to: 1 - type: integer 
	Parameter AREG bound to: 1 - type: integer 
	Parameter AUTORESET_PATDET bound to: NO_RESET - type: string 
	Parameter A_INPUT bound to: DIRECT - type: string 
	Parameter BCASCREG bound to: 1 - type: integer 
	Parameter BREG bound to: 1 - type: integer 
	Parameter B_INPUT bound to: DIRECT - type: string 
	Parameter CARRYINREG bound to: 1 - type: integer 
	Parameter CARRYINSELREG bound to: 1 - type: integer 
	Parameter CREG bound to: 1 - type: integer 
	Parameter DREG bound to: 0 - type: integer 
	Parameter INMODEREG bound to: 1 - type: integer 
	Parameter IS_ALUMODE_INVERTED bound to: 4'b0000 
	Parameter IS_CARRYIN_INVERTED bound to: 1'b0 
	Parameter IS_CLK_INVERTED bound to: 1'b0 
	Parameter IS_INMODE_INVERTED bound to: 5'b00000 
	Parameter IS_OPMODE_INVERTED bound to: 7'b0000000 
	Parameter MASK bound to: 48'b001111111111111111111111111111111111111111111111 
	Parameter MREG bound to: 1 - type: integer 
	Parameter OPMODEREG bound to: 1 - type: integer 
	Parameter PATTERN bound to: 48'b000000000000000000000000000000000000000000000000 
	Parameter PREG bound to: 1 - type: integer 
	Parameter SEL_MASK bound to: MASK - type: string 
	Parameter SEL_PATTERN bound to: PATTERN - type: string 
	Parameter USE_DPORT bound to: FALSE - type: string 
	Parameter USE_MULT bound to: MULTIPLY - type: string 
	Parameter USE_PATTERN_DETECT bound to: NO_PATDET - type: string 
	Parameter USE_SIMD bound to: ONE48 - type: string 
INFO: [Synth 8-256] done synthesizing module 'DSP48E1' (1#1) [C:/Xilinx/Vivado/2016.2/scripts/rt/data/unisim_comp.v:3429]
INFO: [Synth 8-256] done synthesizing module 'MACC_MACRO' (2#1) [C:/Xilinx/Vivado/2016.2/data/verilog/src/unimacro/MACC_MACRO.v:23]
WARNING: [Synth 8-689] width (36) of port connection 'P' does not match port width (48) of module 'MACC_MACRO' [C:/Users/husseinz/Desktop/ece_212/HW4/HW4.srcs/sources_1/new/MACC.sv:14]
WARNING: [Synth 8-689] width (18) of port connection 'A' does not match port width (25) of module 'MACC_MACRO' [C:/Users/husseinz/Desktop/ece_212/HW4/HW4.srcs/sources_1/new/MACC.sv:15]
WARNING: [Synth 8-689] width (1) of port connection 'LOAD_DATA' does not match port width (48) of module 'MACC_MACRO' [C:/Users/husseinz/Desktop/ece_212/HW4/HW4.srcs/sources_1/new/MACC.sv:22]
WARNING: [Synth 8-3848] Net ADDSUB in module/entity MACC does not have driver. [C:/Users/husseinz/Desktop/ece_212/HW4/HW4.srcs/sources_1/new/MACC.sv:16]
WARNING: [Synth 8-3848] Net CARRYIN in module/entity MACC does not have driver. [C:/Users/husseinz/Desktop/ece_212/HW4/HW4.srcs/sources_1/new/MACC.sv:18]
WARNING: [Synth 8-3848] Net CE in module/entity MACC does not have driver. [C:/Users/husseinz/Desktop/ece_212/HW4/HW4.srcs/sources_1/new/MACC.sv:19]
WARNING: [Synth 8-3848] Net LOAD_DATA in module/entity MACC does not have driver. [C:/Users/husseinz/Desktop/ece_212/HW4/HW4.srcs/sources_1/new/MACC.sv:22]
INFO: [Synth 8-256] done synthesizing module 'MACC' (3#1) [C:/Users/husseinz/Desktop/ece_212/HW4/HW4.srcs/sources_1/new/MACC.sv:1]
---------------------------------------------------------------------------------
Finished Synthesize : Time (s): cpu = 00:00:05 ; elapsed = 00:00:06 . Memory (MB): peak = 353.148 ; gain = 144.863
---------------------------------------------------------------------------------
---------------------------------------------------------------------------------
Finished Constraint Validation : Time (s): cpu = 00:00:05 ; elapsed = 00:00:06 . Memory (MB): peak = 353.148 ; gain = 144.863
---------------------------------------------------------------------------------
---------------------------------------------------------------------------------
Start Loading Part and Timing Information
---------------------------------------------------------------------------------
Loading part: xc7a100tcsg324-1
---------------------------------------------------------------------------------
Finished Loading Part and Timing Information : Time (s): cpu = 00:00:05 ; elapsed = 00:00:06 . Memory (MB): peak = 353.148 ; gain = 144.863
---------------------------------------------------------------------------------
INFO: [Device 21-403] Loading part xc7a100tcsg324-1
---------------------------------------------------------------------------------
Finished RTL Optimization Phase 2 : Time (s): cpu = 00:00:05 ; elapsed = 00:00:06 . Memory (MB): peak = 360.016 ; gain = 151.730
---------------------------------------------------------------------------------

Report RTL Partitions: 
+-+--------------+------------+----------+
| |RTL Partition |Replication |Instances |
+-+--------------+------------+----------+
+-+--------------+------------+----------+
No constraint files found.
---------------------------------------------------------------------------------
Start RTL Component Statistics 
---------------------------------------------------------------------------------
Detailed RTL Component Info : 
---------------------------------------------------------------------------------
Finished RTL Component Statistics 
---------------------------------------------------------------------------------
---------------------------------------------------------------------------------
Start RTL Hierarchical Component Statistics 
---------------------------------------------------------------------------------
Hierarchical RTL Component report 
---------------------------------------------------------------------------------
Finished RTL Hierarchical Component Statistics
---------------------------------------------------------------------------------
---------------------------------------------------------------------------------
Start Part Resource Summary
---------------------------------------------------------------------------------
Part Resources:
DSPs: 240 (col length:80)
BRAMs: 270 (col length: RAMB18 80 RAMB36 40)
---------------------------------------------------------------------------------
Finished Part Resource Summary
---------------------------------------------------------------------------------
Start Parallel Synthesis Optimization  : Time (s): cpu = 00:00:07 ; elapsed = 00:00:08 . Memory (MB): peak = 483.816 ; gain = 275.531
---------------------------------------------------------------------------------
Start Cross Boundary Optimization
---------------------------------------------------------------------------------
---------------------------------------------------------------------------------
Finished Cross Boundary Optimization : Time (s): cpu = 00:00:07 ; elapsed = 00:00:08 . Memory (MB): peak = 483.863 ; gain = 275.578
---------------------------------------------------------------------------------
Finished Parallel Reinference  : Time (s): cpu = 00:00:07 ; elapsed = 00:00:08 . Memory (MB): peak = 483.863 ; gain = 275.578

Report RTL Partitions: 
+-+--------------+------------+----------+
| |RTL Partition |Replication |Instances |
+-+--------------+------------+----------+
+-+--------------+------------+----------+
No constraint files found.
---------------------------------------------------------------------------------
Start Area Optimization
---------------------------------------------------------------------------------
---------------------------------------------------------------------------------
Finished Area Optimization : Time (s): cpu = 00:00:07 ; elapsed = 00:00:08 . Memory (MB): peak = 483.863 ; gain = 275.578
---------------------------------------------------------------------------------
Finished Parallel Area Optimization  : Time (s): cpu = 00:00:07 ; elapsed = 00:00:08 . Memory (MB): peak = 483.863 ; gain = 275.578

Report RTL Partitions: 
+-+--------------+------------+----------+
| |RTL Partition |Replication |Instances |
+-+--------------+------------+----------+
+-+--------------+------------+----------+
---------------------------------------------------------------------------------
Start Timing Optimization
---------------------------------------------------------------------------------
No constraint files found.
---------------------------------------------------------------------------------
Finished Timing Optimization : Time (s): cpu = 00:00:07 ; elapsed = 00:00:08 . Memory (MB): peak = 483.863 ; gain = 275.578
---------------------------------------------------------------------------------

Report RTL Partitions: 
+-+--------------+------------+----------+
| |RTL Partition |Replication |Instances |
+-+--------------+------------+----------+
+-+--------------+------------+----------+
---------------------------------------------------------------------------------
Start Technology Mapping
---------------------------------------------------------------------------------
---------------------------------------------------------------------------------
Finished Technology Mapping : Time (s): cpu = 00:00:07 ; elapsed = 00:00:08 . Memory (MB): peak = 484.988 ; gain = 276.703
---------------------------------------------------------------------------------
Finished Parallel Technology Mapping Optimization  : Time (s): cpu = 00:00:07 ; elapsed = 00:00:08 . Memory (MB): peak = 484.988 ; gain = 276.703

Report RTL Partitions: 
+-+--------------+------------+----------+
| |RTL Partition |Replication |Instances |
+-+--------------+------------+----------+
+-+--------------+------------+----------+
Finished Parallel Synthesis Optimization  : Time (s): cpu = 00:00:07 ; elapsed = 00:00:08 . Memory (MB): peak = 484.988 ; gain = 276.703
---------------------------------------------------------------------------------
Start IO Insertion
---------------------------------------------------------------------------------
---------------------------------------------------------------------------------
Start Flattening Before IO Insertion
---------------------------------------------------------------------------------
---------------------------------------------------------------------------------
Finished Flattening Before IO Insertion
---------------------------------------------------------------------------------
---------------------------------------------------------------------------------
Start Final Netlist Cleanup
---------------------------------------------------------------------------------
---------------------------------------------------------------------------------
Finished Final Netlist Cleanup
---------------------------------------------------------------------------------
---------------------------------------------------------------------------------
Finished IO Insertion : Time (s): cpu = 00:00:07 ; elapsed = 00:00:09 . Memory (MB): peak = 484.988 ; gain = 276.703
---------------------------------------------------------------------------------

Report Check Netlist: 
+------+------------------+-------+---------+-------+------------------+
|      |Item              |Errors |Warnings |Status |Description       |
+------+------------------+-------+---------+-------+------------------+
|1     |multi_driven_nets |      0|        0|Passed |Multi driven nets |
+------+------------------+-------+---------+-------+------------------+
---------------------------------------------------------------------------------
Start Renaming Generated Instances
---------------------------------------------------------------------------------
---------------------------------------------------------------------------------
Finished Renaming Generated Instances : Time (s): cpu = 00:00:07 ; elapsed = 00:00:09 . Memory (MB): peak = 484.988 ; gain = 276.703
---------------------------------------------------------------------------------

Report RTL Partitions: 
+-+--------------+------------+----------+
| |RTL Partition |Replication |Instances |
+-+--------------+------------+----------+
+-+--------------+------------+----------+
---------------------------------------------------------------------------------
Start Rebuilding User Hierarchy
---------------------------------------------------------------------------------
---------------------------------------------------------------------------------
Finished Rebuilding User Hierarchy : Time (s): cpu = 00:00:07 ; elapsed = 00:00:09 . Memory (MB): peak = 484.988 ; gain = 276.703
---------------------------------------------------------------------------------
---------------------------------------------------------------------------------
Start Renaming Generated Ports
---------------------------------------------------------------------------------
---------------------------------------------------------------------------------
Finished Renaming Generated Ports : Time (s): cpu = 00:00:07 ; elapsed = 00:00:09 . Memory (MB): peak = 484.988 ; gain = 276.703
---------------------------------------------------------------------------------
---------------------------------------------------------------------------------
Start Handling Custom Attributes
---------------------------------------------------------------------------------
---------------------------------------------------------------------------------
Finished Handling Custom Attributes : Time (s): cpu = 00:00:07 ; elapsed = 00:00:09 . Memory (MB): peak = 484.988 ; gain = 276.703
---------------------------------------------------------------------------------
---------------------------------------------------------------------------------
Start Renaming Generated Nets
---------------------------------------------------------------------------------
---------------------------------------------------------------------------------
Finished Renaming Generated Nets : Time (s): cpu = 00:00:07 ; elapsed = 00:00:09 . Memory (MB): peak = 484.988 ; gain = 276.703
---------------------------------------------------------------------------------
---------------------------------------------------------------------------------
Start Writing Synthesis Report
---------------------------------------------------------------------------------

Report BlackBoxes: 
+-+--------------+----------+
| |BlackBox name |Instances |
+-+--------------+----------+
+-+--------------+----------+

Report Cell Usage: 
+------+--------+------+
|      |Cell    |Count |
+------+--------+------+
|1     |BUFG    |     1|
|2     |DSP48E1 |     1|
|3     |IBUF    |    39|
|4     |OBUF    |    36|
+------+--------+------+

Report Instance Areas: 
+------+------------------+-----------+------+
|      |Instance          |Module     |Cells |
+------+------------------+-----------+------+
|1     |top               |           |    77|
|2     |  MACC_MACRO_inst |MACC_MACRO |     1|
+------+------------------+-----------+------+
---------------------------------------------------------------------------------
Finished Writing Synthesis Report : Time (s): cpu = 00:00:07 ; elapsed = 00:00:09 . Memory (MB): peak = 484.988 ; gain = 276.703
---------------------------------------------------------------------------------
Synthesis finished with 0 errors, 0 critical warnings and 7 warnings.
Synthesis Optimization Runtime : Time (s): cpu = 00:00:05 ; elapsed = 00:00:06 . Memory (MB): peak = 484.988 ; gain = 248.418
Synthesis Optimization Complete : Time (s): cpu = 00:00:07 ; elapsed = 00:00:09 . Memory (MB): peak = 484.988 ; gain = 276.703
INFO: [Project 1-571] Translating synthesized netlist
INFO: [Netlist 29-17] Analyzing 40 Unisim elements for replacement
INFO: [Netlist 29-28] Unisim Transformation completed in 0 CPU seconds
INFO: [Project 1-570] Preparing netlist for logic optimization
INFO: [Opt 31-138] Pushed 0 inverter(s) to 0 load pin(s).
INFO: [Project 1-111] Unisim Transformation Summary:
No Unisim elements were transformed.

INFO: [Common 17-83] Releasing license: Synthesis
15 Infos, 7 Warnings, 0 Critical Warnings and 0 Errors encountered.
synth_design completed successfully
synth_design: Time (s): cpu = 00:00:07 ; elapsed = 00:00:08 . Memory (MB): peak = 557.766 ; gain = 323.445
report_utilization: Time (s): cpu = 00:00:00 ; elapsed = 00:00:00.016 . Memory (MB): peak = 557.766 ; gain = 0.000
INFO: [Common 17-206] Exiting Vivado at Thu Mar 02 17:20:38 2017...
