#-----------------------------------------------------------
# Vivado v2016.2 (64-bit)
# SW Build 1577090 on Thu Jun  2 16:32:40 MDT 2016
# IP Build 1577682 on Fri Jun  3 12:00:54 MDT 2016
# Start of session at: Tue Apr 25 13:49:05 2017
# Process ID: 4468
# Current directory: C:/Users/husseinz/Desktop/New_ECE212/Lab7/Lab7Updated
# Command line: vivado.exe -gui_launcher_event rodinguilauncherevent3820 C:\Users\husseinz\Desktop\New_ECE212\Lab7\Lab7Updated\Lab7Updated.xpr
# Log file: C:/Users/husseinz/Desktop/New_ECE212/Lab7/Lab7Updated/vivado.log
# Journal file: C:/Users/husseinz/Desktop/New_ECE212/Lab7/Lab7Updated\vivado.jou
#-----------------------------------------------------------
start_gui
open_project C:/Users/husseinz/Desktop/New_ECE212/Lab7/Lab7Updated/Lab7Updated.xpr
Scanning sources...
Finished scanning sources
WARNING: [filemgmt 56-3] IP Output Repository Path: Could not find the directory 'C:/Users/husseinz/Desktop/New_ECE212/Lab7/Lab7Updated/Lab7Updated.cache/ip'.
CRITICAL WARNING: [Project 1-505] Unrecognized Option Name DSANumComputeUnits
CRITICAL WARNING: [Project 1-505] Unrecognized Option Name XSimRadix
CRITICAL WARNING: [Project 1-505] Unrecognized Option Name XSimTimeUnit
CRITICAL WARNING: [Project 1-505] Unrecognized Option Name XSimArrayDisplayLimit
CRITICAL WARNING: [Project 1-505] Unrecognized Option Name XSimTraceLimit
WARNING: [Project 1-231] Project 'Lab7Updated.xpr' was created with a future version and may or may not perform reliably with this version of Vivado. It has been opened in read-only mode for the protection of unrecognized data. Use 'File | Save Project As...' if you wish to alter a copy of the project.
INFO: [IP_Flow 19-234] Refreshing IP repositories
INFO: [IP_Flow 19-2313] Loaded Vivado IP repository 'C:/Xilinx/Vivado/2016.2/data/ip'.
update_compile_order -fileset sources_1
exit
INFO: [Common 17-206] Exiting Vivado at Tue Apr 25 14:09:54 2017...
