#-----------------------------------------------------------
# Vivado v2016.2 (64-bit)
# SW Build 1577090 on Thu Jun  2 16:32:40 MDT 2016
# IP Build 1577682 on Fri Jun  3 12:00:54 MDT 2016
# Start of session at: Wed Feb 01 15:51:08 2017
# Process ID: 8044
# Current directory: C:/Users/husseinz/Desktop/ece_212/Lab1
# Command line: vivado.exe -gui_launcher_event rodinguilauncherevent3172 C:\Users\husseinz\Desktop\ece_212\Lab1\Lab1.xpr
# Log file: C:/Users/husseinz/Desktop/ece_212/Lab1/vivado.log
# Journal file: C:/Users/husseinz/Desktop/ece_212/Lab1\vivado.jou
#-----------------------------------------------------------
start_gui
open_project C:/Users/husseinz/Desktop/ece_212/Lab1/Lab1.xpr
INFO: [Project 1-313] Project file moved from 'C:/Users/husseinz/Desktop/ECE212/Lab1' since last save.
WARNING: [Project 1-312] File not found as 'C:/Users/husseinz/Desktop/ece_212/Lab_1/Lab_1.srcs/sources_1/new/clkdiv.sv'; using path 'C:/Users/husseinz/Desktop/ECE212/Lab_1/Lab_1.srcs/sources_1/new/clkdiv.sv' instead.
WARNING: [Project 1-312] File not found as 'C:/Users/husseinz/Desktop/ece_212/Lab_1/Lab_1.srcs/sources_1/new/debounce.sv'; using path 'C:/Users/husseinz/Desktop/ECE212/Lab_1/Lab_1.srcs/sources_1/new/debounce.sv' instead.
WARNING: [Project 1-312] File not found as 'C:/Users/husseinz/Desktop/ece_212/Lab_1/Lab_1.srcs/sources_1/new/nexys4DDR.sv'; using path 'C:/Users/husseinz/Desktop/ECE212/Lab_1/Lab_1.srcs/sources_1/new/nexys4DDR.sv' instead.
WARNING: [Project 1-312] File not found as 'C:/Users/husseinz/Desktop/ece_212/Lab_1/Lab_1.srcs/constrs_1/new/nexys4DDR.xdc'; using path 'C:/Users/husseinz/Desktop/ECE212/Lab_1/Lab_1.srcs/constrs_1/new/nexys4DDR.xdc' instead.
Scanning sources...
Finished scanning sources
WARNING: [Project 1-312] File not found as 'C:/Users/husseinz/Desktop/ece_212/Lab_1/Lab_1.srcs/sources_1/new/clkdiv.sv'; using path 'C:/Users/husseinz/Desktop/ECE212/Lab_1/Lab_1.srcs/sources_1/new/clkdiv.sv' instead.
WARNING: [Project 1-312] File not found as 'C:/Users/husseinz/Desktop/ece_212/Lab_1/Lab_1.srcs/sources_1/new/debounce.sv'; using path 'C:/Users/husseinz/Desktop/ECE212/Lab_1/Lab_1.srcs/sources_1/new/debounce.sv' instead.
WARNING: [Project 1-312] File not found as 'C:/Users/husseinz/Desktop/ece_212/Lab_1/Lab_1.srcs/sources_1/new/nexys4DDR.sv'; using path 'C:/Users/husseinz/Desktop/ECE212/Lab_1/Lab_1.srcs/sources_1/new/nexys4DDR.sv' instead.
WARNING: [Project 1-312] File not found as 'C:/Users/husseinz/Desktop/ece_212/Lab_1/Lab_1.srcs/constrs_1/new/nexys4DDR.xdc'; using path 'C:/Users/husseinz/Desktop/ECE212/Lab_1/Lab_1.srcs/constrs_1/new/nexys4DDR.xdc' instead.
WARNING: [Project 1-312] File not found as 'C:/Users/husseinz/Desktop/ece_212/Lab_1/Lab_1.srcs/sources_1/new/clkdiv.sv'; using path 'C:/Users/husseinz/Desktop/ECE212/Lab_1/Lab_1.srcs/sources_1/new/clkdiv.sv' instead.
WARNING: [Project 1-312] File not found as 'C:/Users/husseinz/Desktop/ece_212/Lab_1/Lab_1.srcs/sources_1/new/debounce.sv'; using path 'C:/Users/husseinz/Desktop/ECE212/Lab_1/Lab_1.srcs/sources_1/new/debounce.sv' instead.
WARNING: [Project 1-312] File not found as 'C:/Users/husseinz/Desktop/ece_212/Lab_1/Lab_1.srcs/sources_1/new/nexys4DDR.sv'; using path 'C:/Users/husseinz/Desktop/ECE212/Lab_1/Lab_1.srcs/sources_1/new/nexys4DDR.sv' instead.
WARNING: [Project 1-312] File not found as 'C:/Users/husseinz/Desktop/ece_212/Lab_1/Lab_1.srcs/constrs_1/new/nexys4DDR.xdc'; using path 'C:/Users/husseinz/Desktop/ECE212/Lab_1/Lab_1.srcs/constrs_1/new/nexys4DDR.xdc' instead.
INFO: [IP_Flow 19-234] Refreshing IP repositories
INFO: [IP_Flow 19-1704] No user IP repositories specified
INFO: [IP_Flow 19-2313] Loaded Vivado IP repository 'C:/Xilinx/Vivado/2016.2/data/ip'.
update_compile_order -fileset sources_1
reset_run synth_1
launch_runs synth_1
INFO: [HDL 9-2216] Analyzing SystemVerilog file "C:/Users/husseinz/Desktop/ECE212/Lab_1/Lab_1.srcs/sources_1/new/clkdiv.sv" into library work [C:/Users/husseinz/Desktop/ECE212/Lab_1/Lab_1.srcs/sources_1/new/clkdiv.sv:1]
INFO: [HDL 9-2216] Analyzing SystemVerilog file "C:/Users/husseinz/Desktop/ECE212/Lab_1/Lab_1.srcs/sources_1/new/debounce.sv" into library work [C:/Users/husseinz/Desktop/ECE212/Lab_1/Lab_1.srcs/sources_1/new/debounce.sv:1]
INFO: [HDL 9-2216] Analyzing SystemVerilog file "C:/Users/husseinz/Desktop/ECE212/Lab_1/Lab_1.srcs/sources_1/new/nexys4DDR.sv" into library work [C:/Users/husseinz/Desktop/ECE212/Lab_1/Lab_1.srcs/sources_1/new/nexys4DDR.sv:1]
[Wed Feb 01 15:51:26 2017] Launched synth_1...
Run output will be captured here: C:/Users/husseinz/Desktop/ece_212/Lab1/Lab1.runs/synth_1/runme.log
exit
INFO: [Common 17-206] Exiting Vivado at Wed Feb 01 15:52:02 2017...
