#-----------------------------------------------------------
# Vivado v2016.2 (64-bit)
# SW Build 1577090 on Thu Jun  2 16:32:40 MDT 2016
# IP Build 1577682 on Fri Jun  3 12:00:54 MDT 2016
# Start of session at: Wed May 03 15:13:15 2017
# Process ID: 6408
# Current directory: C:/Users/husseinz/Desktop/New_ECE212/Lab10/Lab10_only_pipeline
# Command line: vivado.exe -gui_launcher_event rodinguilauncherevent7388 C:\Users\husseinz\Desktop\New_ECE212\Lab10\Lab10_only_pipeline\Lab10_only_pipeline.xpr
# Log file: C:/Users/husseinz/Desktop/New_ECE212/Lab10/Lab10_only_pipeline/vivado.log
# Journal file: C:/Users/husseinz/Desktop/New_ECE212/Lab10/Lab10_only_pipeline\vivado.jou
#-----------------------------------------------------------
start_gui
open_project C:/Users/husseinz/Desktop/New_ECE212/Lab10/Lab10_only_pipeline/Lab10_only_pipeline.xpr
Scanning sources...
Finished scanning sources
WARNING: [filemgmt 56-3] IP Output Repository Path: Could not find the directory 'C:/Users/husseinz/Desktop/New_ECE212/Lab10/Lab10_only_pipeline/Lab10_only_pipeline.cache/ip'.
CRITICAL WARNING: [Project 1-505] Unrecognized Option Name DSANumComputeUnits
CRITICAL WARNING: [Project 1-505] Unrecognized Option Name XSimRadix
CRITICAL WARNING: [Project 1-505] Unrecognized Option Name XSimTimeUnit
CRITICAL WARNING: [Project 1-505] Unrecognized Option Name XSimArrayDisplayLimit
CRITICAL WARNING: [Project 1-505] Unrecognized Option Name XSimTraceLimit
WARNING: [Project 1-231] Project 'Lab10_only_pipeline.xpr' was created with a future version and may or may not perform reliably with this version of Vivado. It has been opened in read-only mode for the protection of unrecognized data. Use 'File | Save Project As...' if you wish to alter a copy of the project.
INFO: [IP_Flow 19-234] Refreshing IP repositories
INFO: [IP_Flow 19-2313] Loaded Vivado IP repository 'C:/Xilinx/Vivado/2016.2/data/ip'.
update_compile_order -fileset sources_1
save_project_as Lab10_editable_non_hazard_unit C:/Users/husseinz/Desktop/New_ECE212/Lab10/Lab10_editable_non_hazard_unit -force
launch_simulation
INFO: [USF-XSim-27] Simulation object is 'sim_1'
INFO: [USF-XSim-37] Inspecting design source files for 'testbench' in fileset 'sim_1'...
INFO: [USF-XSim-25] Exported 'C:/Users/husseinz/Desktop/New_ECE212/Lab10/Lab10_editable_non_hazard_unit/Lab10_editable_non_hazard_unit.sim/sim_1/behav/memfile.dat'
INFO: [USF-XSim-97] Finding global include files...
INFO: [USF-XSim-98] Fetching design files from 'sim_1'...
INFO: [USF-XSim-2] XSim::Compile design
INFO: [USF-XSim-61] Executing 'COMPILE and ANALYZE' step in 'C:/Users/husseinz/Desktop/New_ECE212/Lab10/Lab10_editable_non_hazard_unit/Lab10_editable_non_hazard_unit.sim/sim_1/behav'
"xvlog -m64 --relax -prj testbench_vlog.prj"
INFO: [VRFC 10-2263] Analyzing SystemVerilog file "C:/Users/husseinz/Desktop/New_ECE212/Lab10/Lab10_no_hazard_unit/pipeline_mips.sv" into library xil_defaultlib
INFO: [VRFC 10-311] analyzing module pipeline_mips
INFO: [VRFC 10-311] analyzing module controller
INFO: [VRFC 10-2458] undeclared symbol memtoregD, assumed default net type wire [C:/Users/husseinz/Desktop/New_ECE212/Lab10/Lab10_no_hazard_unit/pipeline_mips.sv:64]
INFO: [VRFC 10-311] analyzing module datapath
INFO: [VRFC 10-311] analyzing module adder
INFO: [VRFC 10-311] analyzing module eqcmp
INFO: [VRFC 10-311] analyzing module sl2
INFO: [VRFC 10-311] analyzing module signext
INFO: [VRFC 10-311] analyzing module flopr
INFO: [VRFC 10-311] analyzing module floprc
INFO: [VRFC 10-311] analyzing module flopenr
INFO: [VRFC 10-311] analyzing module flopenrc
INFO: [VRFC 10-311] analyzing module mux2
INFO: [VRFC 10-311] analyzing module mux3
INFO: [VRFC 10-311] analyzing module mux4
INFO: [VRFC 10-311] analyzing module maindec
INFO: [VRFC 10-311] analyzing module aludec
INFO: [VRFC 10-311] analyzing module regfile
INFO: [VRFC 10-311] analyzing module alu
INFO: [VRFC 10-2263] Analyzing SystemVerilog file "C:/Users/husseinz/Desktop/New_ECE212/Lab10/Lab10_no_hazard_unit/mem.sv" into library xil_defaultlib
INFO: [VRFC 10-311] analyzing module mem
INFO: [VRFC 10-2263] Analyzing SystemVerilog file "C:/Users/husseinz/Desktop/New_ECE212/Lab10/Lab10_no_hazard_unit/top.sv" into library xil_defaultlib
INFO: [VRFC 10-311] analyzing module top
INFO: [VRFC 10-2263] Analyzing SystemVerilog file "C:/Users/husseinz/Desktop/New_ECE212/Lab10/Lab10_no_hazard_unit/mipstest.sv" into library xil_defaultlib
INFO: [VRFC 10-311] analyzing module testbench
INFO: [VRFC 10-2263] Analyzing Verilog file "C:/Users/husseinz/Desktop/New_ECE212/Lab10/Lab10_editable_non_hazard_unit/Lab10_editable_non_hazard_unit.sim/sim_1/behav/glbl.v" into library xil_defaultlib
INFO: [VRFC 10-311] analyzing module glbl
INFO: [USF-XSim-69] 'compile' step finished in '1' seconds
INFO: [USF-XSim-3] XSim::Elaborate design
INFO: [USF-XSim-61] Executing 'ELABORATE' step in 'C:/Users/husseinz/Desktop/New_ECE212/Lab10/Lab10_editable_non_hazard_unit/Lab10_editable_non_hazard_unit.sim/sim_1/behav'
Vivado Simulator 2016.2
Copyright 1986-1999, 2001-2016 Xilinx, Inc. All Rights Reserved.
Running: C:/Xilinx/Vivado/2016.2/bin/unwrapped/win64.o/xelab.exe -wto d365487496c64ac385f7f10113692144 --debug typical --relax --mt 2 -L xil_defaultlib -L unisims_ver -L unimacro_ver -L secureip --snapshot testbench_behav xil_defaultlib.testbench xil_defaultlib.glbl -log elaborate.log 
Using 2 slave threads.
Starting static elaboration
Completed static elaboration
Starting simulation data flow analysis
WARNING: [XSIM 43-4100] "C:/Users/husseinz/Desktop/New_ECE212/Lab10/Lab10_no_hazard_unit/top.sv" Line 21. Module top has a timescale but at least one module in design doesn't have timescale.
WARNING: [XSIM 43-4100] "C:/Users/husseinz/Desktop/New_ECE212/Lab10/Lab10_no_hazard_unit/pipeline_mips.sv" Line 20. Module pipeline_mips has a timescale but at least one module in design doesn't have timescale.
WARNING: [XSIM 43-4100] "C:/Users/husseinz/Desktop/New_ECE212/Lab10/Lab10_no_hazard_unit/pipeline_mips.sv" Line 47. Module controller has a timescale but at least one module in design doesn't have timescale.
WARNING: [XSIM 43-4100] "C:/Users/husseinz/Desktop/New_ECE212/Lab10/Lab10_no_hazard_unit/pipeline_mips.sv" Line 350. Module maindec has a timescale but at least one module in design doesn't have timescale.
WARNING: [XSIM 43-4100] "C:/Users/husseinz/Desktop/New_ECE212/Lab10/Lab10_no_hazard_unit/pipeline_mips.sv" Line 381. Module aludec has a timescale but at least one module in design doesn't have timescale.
WARNING: [XSIM 43-4100] "C:/Users/husseinz/Desktop/New_ECE212/Lab10/Lab10_no_hazard_unit/pipeline_mips.sv" Line 292. Module floprc(WIDTH=11) has a timescale but at least one module in design doesn't have timescale.
WARNING: [XSIM 43-4100] "C:/Users/husseinz/Desktop/New_ECE212/Lab10/Lab10_no_hazard_unit/pipeline_mips.sv" Line 282. Module flopr(WIDTH=3) has a timescale but at least one module in design doesn't have timescale.
WARNING: [XSIM 43-4100] "C:/Users/husseinz/Desktop/New_ECE212/Lab10/Lab10_no_hazard_unit/pipeline_mips.sv" Line 282. Module flopr(WIDTH=2) has a timescale but at least one module in design doesn't have timescale.
WARNING: [XSIM 43-4100] "C:/Users/husseinz/Desktop/New_ECE212/Lab10/Lab10_no_hazard_unit/pipeline_mips.sv" Line 88. Module datapath has a timescale but at least one module in design doesn't have timescale.
WARNING: [XSIM 43-4100] "C:/Users/husseinz/Desktop/New_ECE212/Lab10/Lab10_no_hazard_unit/pipeline_mips.sv" Line 326. Module mux2(WIDTH=32) has a timescale but at least one module in design doesn't have timescale.
WARNING: [XSIM 43-4100] "C:/Users/husseinz/Desktop/New_ECE212/Lab10/Lab10_no_hazard_unit/pipeline_mips.sv" Line 326. Module mux2(WIDTH=32) has a timescale but at least one module in design doesn't have timescale.
WARNING: [XSIM 43-4100] "C:/Users/husseinz/Desktop/New_ECE212/Lab10/Lab10_no_hazard_unit/pipeline_mips.sv" Line 419. Module regfile has a timescale but at least one module in design doesn't have timescale.
WARNING: [XSIM 43-4100] "C:/Users/husseinz/Desktop/New_ECE212/Lab10/Lab10_no_hazard_unit/pipeline_mips.sv" Line 303. Module flopenr(WIDTH=32) has a timescale but at least one module in design doesn't have timescale.
WARNING: [XSIM 43-4100] "C:/Users/husseinz/Desktop/New_ECE212/Lab10/Lab10_no_hazard_unit/pipeline_mips.sv" Line 256. Module adder has a timescale but at least one module in design doesn't have timescale.
WARNING: [XSIM 43-4100] "C:/Users/husseinz/Desktop/New_ECE212/Lab10/Lab10_no_hazard_unit/pipeline_mips.sv" Line 314. Module flopenrc(WIDTH=32) has a timescale but at least one module in design doesn't have timescale.
WARNING: [XSIM 43-4100] "C:/Users/husseinz/Desktop/New_ECE212/Lab10/Lab10_no_hazard_unit/pipeline_mips.sv" Line 303. Module flopenr(WIDTH=32) has a timescale but at least one module in design doesn't have timescale.
WARNING: [XSIM 43-4100] "C:/Users/husseinz/Desktop/New_ECE212/Lab10/Lab10_no_hazard_unit/pipeline_mips.sv" Line 275. Module signext has a timescale but at least one module in design doesn't have timescale.
WARNING: [XSIM 43-4100] "C:/Users/husseinz/Desktop/New_ECE212/Lab10/Lab10_no_hazard_unit/pipeline_mips.sv" Line 268. Module sl2 has a timescale but at least one module in design doesn't have timescale.
WARNING: [XSIM 43-4100] "C:/Users/husseinz/Desktop/New_ECE212/Lab10/Lab10_no_hazard_unit/pipeline_mips.sv" Line 256. Module adder has a timescale but at least one module in design doesn't have timescale.
WARNING: [XSIM 43-4100] "C:/Users/husseinz/Desktop/New_ECE212/Lab10/Lab10_no_hazard_unit/pipeline_mips.sv" Line 326. Module mux2(WIDTH=32) has a timescale but at least one module in design doesn't have timescale.
WARNING: [XSIM 43-4100] "C:/Users/husseinz/Desktop/New_ECE212/Lab10/Lab10_no_hazard_unit/pipeline_mips.sv" Line 326. Module mux2(WIDTH=32) has a timescale but at least one module in design doesn't have timescale.
WARNING: [XSIM 43-4100] "C:/Users/husseinz/Desktop/New_ECE212/Lab10/Lab10_no_hazard_unit/pipeline_mips.sv" Line 262. Module eqcmp has a timescale but at least one module in design doesn't have timescale.
WARNING: [XSIM 43-4100] "C:/Users/husseinz/Desktop/New_ECE212/Lab10/Lab10_no_hazard_unit/pipeline_mips.sv" Line 292. Module floprc(WIDTH=32) has a timescale but at least one module in design doesn't have timescale.
WARNING: [XSIM 43-4100] "C:/Users/husseinz/Desktop/New_ECE212/Lab10/Lab10_no_hazard_unit/pipeline_mips.sv" Line 292. Module floprc(WIDTH=32) has a timescale but at least one module in design doesn't have timescale.
WARNING: [XSIM 43-4100] "C:/Users/husseinz/Desktop/New_ECE212/Lab10/Lab10_no_hazard_unit/pipeline_mips.sv" Line 292. Module floprc(WIDTH=32) has a timescale but at least one module in design doesn't have timescale.
WARNING: [XSIM 43-4100] "C:/Users/husseinz/Desktop/New_ECE212/Lab10/Lab10_no_hazard_unit/pipeline_mips.sv" Line 292. Module floprc(WIDTH=5) has a timescale but at least one module in design doesn't have timescale.
WARNING: [XSIM 43-4100] "C:/Users/husseinz/Desktop/New_ECE212/Lab10/Lab10_no_hazard_unit/pipeline_mips.sv" Line 292. Module floprc(WIDTH=5) has a timescale but at least one module in design doesn't have timescale.
WARNING: [XSIM 43-4100] "C:/Users/husseinz/Desktop/New_ECE212/Lab10/Lab10_no_hazard_unit/pipeline_mips.sv" Line 292. Module floprc(WIDTH=5) has a timescale but at least one module in design doesn't have timescale.
WARNING: [XSIM 43-4100] "C:/Users/husseinz/Desktop/New_ECE212/Lab10/Lab10_no_hazard_unit/pipeline_mips.sv" Line 334. Module mux3(WIDTH=32) has a timescale but at least one module in design doesn't have timescale.
WARNING: [XSIM 43-4100] "C:/Users/husseinz/Desktop/New_ECE212/Lab10/Lab10_no_hazard_unit/pipeline_mips.sv" Line 334. Module mux3(WIDTH=32) has a timescale but at least one module in design doesn't have timescale.
WARNING: [XSIM 43-4100] "C:/Users/husseinz/Desktop/New_ECE212/Lab10/Lab10_no_hazard_unit/pipeline_mips.sv" Line 326. Module mux2(WIDTH=32) has a timescale but at least one module in design doesn't have timescale.
WARNING: [XSIM 43-4100] "C:/Users/husseinz/Desktop/New_ECE212/Lab10/Lab10_no_hazard_unit/pipeline_mips.sv" Line 433. Module alu has a timescale but at least one module in design doesn't have timescale.
WARNING: [XSIM 43-4100] "C:/Users/husseinz/Desktop/New_ECE212/Lab10/Lab10_no_hazard_unit/pipeline_mips.sv" Line 326. Module mux2(WIDTH=5) has a timescale but at least one module in design doesn't have timescale.
WARNING: [XSIM 43-4100] "C:/Users/husseinz/Desktop/New_ECE212/Lab10/Lab10_no_hazard_unit/pipeline_mips.sv" Line 282. Module flopr(WIDTH=32) has a timescale but at least one module in design doesn't have timescale.
WARNING: [XSIM 43-4100] "C:/Users/husseinz/Desktop/New_ECE212/Lab10/Lab10_no_hazard_unit/pipeline_mips.sv" Line 282. Module flopr(WIDTH=32) has a timescale but at least one module in design doesn't have timescale.
WARNING: [XSIM 43-4100] "C:/Users/husseinz/Desktop/New_ECE212/Lab10/Lab10_no_hazard_unit/pipeline_mips.sv" Line 282. Module flopr(WIDTH=5) has a timescale but at least one module in design doesn't have timescale.
WARNING: [XSIM 43-4100] "C:/Users/husseinz/Desktop/New_ECE212/Lab10/Lab10_no_hazard_unit/pipeline_mips.sv" Line 282. Module flopr(WIDTH=32) has a timescale but at least one module in design doesn't have timescale.
WARNING: [XSIM 43-4100] "C:/Users/husseinz/Desktop/New_ECE212/Lab10/Lab10_no_hazard_unit/pipeline_mips.sv" Line 282. Module flopr(WIDTH=32) has a timescale but at least one module in design doesn't have timescale.
WARNING: [XSIM 43-4100] "C:/Users/husseinz/Desktop/New_ECE212/Lab10/Lab10_no_hazard_unit/pipeline_mips.sv" Line 282. Module flopr(WIDTH=5) has a timescale but at least one module in design doesn't have timescale.
WARNING: [XSIM 43-4100] "C:/Users/husseinz/Desktop/New_ECE212/Lab10/Lab10_no_hazard_unit/pipeline_mips.sv" Line 326. Module mux2(WIDTH=32) has a timescale but at least one module in design doesn't have timescale.
WARNING: [XSIM 43-4100] "C:/Users/husseinz/Desktop/New_ECE212/Lab10/Lab10_no_hazard_unit/mem.sv" Line 23. Module mem has a timescale but at least one module in design doesn't have timescale.
WARNING: [XSIM 43-4100] "C:/Users/husseinz/Desktop/New_ECE212/Lab10/Lab10_editable_non_hazard_unit/Lab10_editable_non_hazard_unit.sim/sim_1/behav/glbl.v" Line 6. Module glbl has a timescale but at least one module in design doesn't have timescale.
WARNING: [XSIM 43-4100] "C:/Users/husseinz/Desktop/New_ECE212/Lab10/Lab10_no_hazard_unit/top.sv" Line 21. Module top has a timescale but at least one module in design doesn't have timescale.
WARNING: [XSIM 43-4100] "C:/Users/husseinz/Desktop/New_ECE212/Lab10/Lab10_no_hazard_unit/pipeline_mips.sv" Line 20. Module pipeline_mips has a timescale but at least one module in design doesn't have timescale.
WARNING: [XSIM 43-4100] "C:/Users/husseinz/Desktop/New_ECE212/Lab10/Lab10_no_hazard_unit/pipeline_mips.sv" Line 47. Module controller has a timescale but at least one module in design doesn't have timescale.
WARNING: [XSIM 43-4100] "C:/Users/husseinz/Desktop/New_ECE212/Lab10/Lab10_no_hazard_unit/pipeline_mips.sv" Line 350. Module maindec has a timescale but at least one module in design doesn't have timescale.
WARNING: [XSIM 43-4100] "C:/Users/husseinz/Desktop/New_ECE212/Lab10/Lab10_no_hazard_unit/pipeline_mips.sv" Line 381. Module aludec has a timescale but at least one module in design doesn't have timescale.
WARNING: [XSIM 43-4100] "C:/Users/husseinz/Desktop/New_ECE212/Lab10/Lab10_no_hazard_unit/pipeline_mips.sv" Line 292. Module floprc(WIDTH=11) has a timescale but at least one module in design doesn't have timescale.
WARNING: [XSIM 43-4100] "C:/Users/husseinz/Desktop/New_ECE212/Lab10/Lab10_no_hazard_unit/pipeline_mips.sv" Line 282. Module flopr(WIDTH=3) has a timescale but at least one module in design doesn't have timescale.
WARNING: [XSIM 43-4100] "C:/Users/husseinz/Desktop/New_ECE212/Lab10/Lab10_no_hazard_unit/pipeline_mips.sv" Line 282. Module flopr(WIDTH=2) has a timescale but at least one module in design doesn't have timescale.
INFO: [Common 17-14] Message 'XSIM 43-4100' appears 50 times and further instances of the messages will be disabled. Use the Tcl command set_msg_config to change the current settings.
Completed simulation data flow analysis
Time Resolution for simulation is 1ps
Compiling module xil_defaultlib.maindec
Compiling module xil_defaultlib.aludec
Compiling module xil_defaultlib.floprc(WIDTH=11)
Compiling module xil_defaultlib.flopr(WIDTH=3)
Compiling module xil_defaultlib.flopr(WIDTH=2)
Compiling module xil_defaultlib.controller
Compiling module xil_defaultlib.mux2(WIDTH=32)
Compiling module xil_defaultlib.regfile
Compiling module xil_defaultlib.flopenr(WIDTH=32)
Compiling module xil_defaultlib.adder
Compiling module xil_defaultlib.flopenrc(WIDTH=32)
Compiling module xil_defaultlib.signext
Compiling module xil_defaultlib.sl2
Compiling module xil_defaultlib.eqcmp
Compiling module xil_defaultlib.floprc(WIDTH=32)
Compiling module xil_defaultlib.floprc(WIDTH=5)
Compiling module xil_defaultlib.mux3(WIDTH=32)
Compiling module xil_defaultlib.alu
Compiling module xil_defaultlib.mux2(WIDTH=5)
Compiling module xil_defaultlib.flopr(WIDTH=32)
Compiling module xil_defaultlib.flopr(WIDTH=5)
Compiling module xil_defaultlib.datapath
Compiling module xil_defaultlib.pipeline_mips
Compiling module xil_defaultlib.mem
Compiling module xil_defaultlib.top
Compiling module xil_defaultlib.testbench
Compiling module xil_defaultlib.glbl
Built simulation snapshot testbench_behav

****** Webtalk v2016.2 (64-bit)
  **** SW Build 1577090 on Thu Jun  2 16:32:40 MDT 2016
  **** IP Build 1577682 on Fri Jun  3 12:00:54 MDT 2016
    ** Copyright 1986-2016 Xilinx, Inc. All Rights Reserved.

source C:/Users/husseinz/Desktop/New_ECE212/Lab10/Lab10_editable_non_hazard_unit/Lab10_editable_non_hazard_unit.sim/sim_1/behav/xsim.dir/testbench_behav/webtalk/xsim_webtalk.tcl -notrace
INFO: [Common 17-206] Exiting Webtalk at Wed May 03 15:14:24 2017...
INFO: [USF-XSim-69] 'elaborate' step finished in '3' seconds
INFO: [USF-XSim-4] XSim::Simulate design
INFO: [USF-XSim-61] Executing 'SIMULATE' step in 'C:/Users/husseinz/Desktop/New_ECE212/Lab10/Lab10_editable_non_hazard_unit/Lab10_editable_non_hazard_unit.sim/sim_1/behav'
INFO: [USF-XSim-98] *** Running xsim
   with args "testbench_behav -key {Behavioral:sim_1:Functional:testbench} -tclbatch {testbench.tcl} -view {C:/Users/husseinz/Desktop/New_ECE212/Lab10/Lab10_only_pipeline/testbench_behav.wcfg} -log {simulate.log}"
INFO: [USF-XSim-8] Loading simulator feature
Vivado Simulator 2016.2
Time resolution is 1 ps
open_wave_config C:/Users/husseinz/Desktop/New_ECE212/Lab10/Lab10_only_pipeline/testbench_behav.wcfg
source testbench.tcl
# set curr_wave [current_wave_config]
# if { [string length $curr_wave] == 0 } {
#   if { [llength [get_objects]] > 0} {
#     add_wave /
#     set_property needs_save false [current_wave_config]
#   } else {
#      send_msg_id Add_Wave-1 WARNING "No top level signals found. Simulator will start without a wave window. If you want to open a wave window go to 'File->New Waveform Configuration' or type 'create_wave_config' in the TCL console."
#   }
# }
# run 1000ns
...Error: Unkown Funct x
Error -ALU x
Error- Funct 0
...Error: Unkown Funct x
...Error: Unkown Funct x
...Error: Unkown Funct x
INFO: [USF-XSim-96] XSim completed. Design snapshot 'testbench_behav' loaded.
INFO: [USF-XSim-97] XSim simulation ran for 1000ns
launch_simulation: Time (s): cpu = 00:00:02 ; elapsed = 00:00:06 . Memory (MB): peak = 912.793 ; gain = 0.000
relaunch_sim
INFO: [USF-XSim-27] Simulation object is 'sim_1'
INFO: [USF-XSim-37] Inspecting design source files for 'testbench' in fileset 'sim_1'...
INFO: [USF-XSim-25] Exported 'C:/Users/husseinz/Desktop/New_ECE212/Lab10/Lab10_editable_non_hazard_unit/Lab10_editable_non_hazard_unit.sim/sim_1/behav/memfile.dat'
INFO: [USF-XSim-97] Finding global include files...
INFO: [USF-XSim-98] Fetching design files from 'sim_1'...
INFO: [USF-XSim-2] XSim::Compile design
INFO: [USF-XSim-61] Executing 'COMPILE and ANALYZE' step in 'C:/Users/husseinz/Desktop/New_ECE212/Lab10/Lab10_editable_non_hazard_unit/Lab10_editable_non_hazard_unit.sim/sim_1/behav'
"xvlog -m64 --relax -prj testbench_vlog.prj"
INFO: [VRFC 10-2263] Analyzing SystemVerilog file "C:/Users/husseinz/Desktop/New_ECE212/Lab10/Lab10_no_hazard_unit/pipeline_mips.sv" into library xil_defaultlib
INFO: [VRFC 10-311] analyzing module pipeline_mips
INFO: [VRFC 10-311] analyzing module controller
INFO: [VRFC 10-2458] undeclared symbol memtoregD, assumed default net type wire [C:/Users/husseinz/Desktop/New_ECE212/Lab10/Lab10_no_hazard_unit/pipeline_mips.sv:64]
INFO: [VRFC 10-311] analyzing module datapath
INFO: [VRFC 10-311] analyzing module adder
INFO: [VRFC 10-311] analyzing module eqcmp
INFO: [VRFC 10-311] analyzing module sl2
INFO: [VRFC 10-311] analyzing module signext
INFO: [VRFC 10-311] analyzing module flopr
INFO: [VRFC 10-311] analyzing module floprc
INFO: [VRFC 10-311] analyzing module flopenr
INFO: [VRFC 10-311] analyzing module flopenrc
INFO: [VRFC 10-311] analyzing module mux2
INFO: [VRFC 10-311] analyzing module mux3
INFO: [VRFC 10-311] analyzing module mux4
INFO: [VRFC 10-311] analyzing module maindec
INFO: [VRFC 10-311] analyzing module aludec
INFO: [VRFC 10-311] analyzing module regfile
INFO: [VRFC 10-311] analyzing module alu
INFO: [VRFC 10-2263] Analyzing SystemVerilog file "C:/Users/husseinz/Desktop/New_ECE212/Lab10/Lab10_no_hazard_unit/mem.sv" into library xil_defaultlib
INFO: [VRFC 10-311] analyzing module mem
INFO: [VRFC 10-2263] Analyzing SystemVerilog file "C:/Users/husseinz/Desktop/New_ECE212/Lab10/Lab10_no_hazard_unit/top.sv" into library xil_defaultlib
INFO: [VRFC 10-311] analyzing module top
INFO: [VRFC 10-2263] Analyzing SystemVerilog file "C:/Users/husseinz/Desktop/New_ECE212/Lab10/Lab10_no_hazard_unit/mipstest.sv" into library xil_defaultlib
INFO: [VRFC 10-311] analyzing module testbench
INFO: [VRFC 10-2263] Analyzing Verilog file "C:/Users/husseinz/Desktop/New_ECE212/Lab10/Lab10_editable_non_hazard_unit/Lab10_editable_non_hazard_unit.sim/sim_1/behav/glbl.v" into library xil_defaultlib
INFO: [VRFC 10-311] analyzing module glbl
INFO: [USF-XSim-69] 'compile' step finished in '1' seconds
INFO: [USF-XSim-3] XSim::Elaborate design
INFO: [USF-XSim-61] Executing 'ELABORATE' step in 'C:/Users/husseinz/Desktop/New_ECE212/Lab10/Lab10_editable_non_hazard_unit/Lab10_editable_non_hazard_unit.sim/sim_1/behav'
Vivado Simulator 2016.2
Copyright 1986-1999, 2001-2016 Xilinx, Inc. All Rights Reserved.
Running: C:/Xilinx/Vivado/2016.2/bin/unwrapped/win64.o/xelab.exe -wto d365487496c64ac385f7f10113692144 --debug typical --relax --mt 2 -L xil_defaultlib -L unisims_ver -L unimacro_ver -L secureip --snapshot testbench_behav xil_defaultlib.testbench xil_defaultlib.glbl -log elaborate.log 
Using 2 slave threads.
Starting static elaboration
Completed static elaboration
Starting simulation data flow analysis
WARNING: [XSIM 43-4100] "C:/Users/husseinz/Desktop/New_ECE212/Lab10/Lab10_no_hazard_unit/top.sv" Line 21. Module top has a timescale but at least one module in design doesn't have timescale.
WARNING: [XSIM 43-4100] "C:/Users/husseinz/Desktop/New_ECE212/Lab10/Lab10_no_hazard_unit/pipeline_mips.sv" Line 20. Module pipeline_mips has a timescale but at least one module in design doesn't have timescale.
WARNING: [XSIM 43-4100] "C:/Users/husseinz/Desktop/New_ECE212/Lab10/Lab10_no_hazard_unit/pipeline_mips.sv" Line 47. Module controller has a timescale but at least one module in design doesn't have timescale.
WARNING: [XSIM 43-4100] "C:/Users/husseinz/Desktop/New_ECE212/Lab10/Lab10_no_hazard_unit/pipeline_mips.sv" Line 350. Module maindec has a timescale but at least one module in design doesn't have timescale.
WARNING: [XSIM 43-4100] "C:/Users/husseinz/Desktop/New_ECE212/Lab10/Lab10_no_hazard_unit/pipeline_mips.sv" Line 381. Module aludec has a timescale but at least one module in design doesn't have timescale.
WARNING: [XSIM 43-4100] "C:/Users/husseinz/Desktop/New_ECE212/Lab10/Lab10_no_hazard_unit/pipeline_mips.sv" Line 292. Module floprc(WIDTH=11) has a timescale but at least one module in design doesn't have timescale.
WARNING: [XSIM 43-4100] "C:/Users/husseinz/Desktop/New_ECE212/Lab10/Lab10_no_hazard_unit/pipeline_mips.sv" Line 282. Module flopr(WIDTH=3) has a timescale but at least one module in design doesn't have timescale.
WARNING: [XSIM 43-4100] "C:/Users/husseinz/Desktop/New_ECE212/Lab10/Lab10_no_hazard_unit/pipeline_mips.sv" Line 282. Module flopr(WIDTH=2) has a timescale but at least one module in design doesn't have timescale.
WARNING: [XSIM 43-4100] "C:/Users/husseinz/Desktop/New_ECE212/Lab10/Lab10_no_hazard_unit/pipeline_mips.sv" Line 88. Module datapath has a timescale but at least one module in design doesn't have timescale.
WARNING: [XSIM 43-4100] "C:/Users/husseinz/Desktop/New_ECE212/Lab10/Lab10_no_hazard_unit/pipeline_mips.sv" Line 326. Module mux2(WIDTH=32) has a timescale but at least one module in design doesn't have timescale.
WARNING: [XSIM 43-4100] "C:/Users/husseinz/Desktop/New_ECE212/Lab10/Lab10_no_hazard_unit/pipeline_mips.sv" Line 326. Module mux2(WIDTH=32) has a timescale but at least one module in design doesn't have timescale.
WARNING: [XSIM 43-4100] "C:/Users/husseinz/Desktop/New_ECE212/Lab10/Lab10_no_hazard_unit/pipeline_mips.sv" Line 419. Module regfile has a timescale but at least one module in design doesn't have timescale.
WARNING: [XSIM 43-4100] "C:/Users/husseinz/Desktop/New_ECE212/Lab10/Lab10_no_hazard_unit/pipeline_mips.sv" Line 303. Module flopenr(WIDTH=32) has a timescale but at least one module in design doesn't have timescale.
WARNING: [XSIM 43-4100] "C:/Users/husseinz/Desktop/New_ECE212/Lab10/Lab10_no_hazard_unit/pipeline_mips.sv" Line 256. Module adder has a timescale but at least one module in design doesn't have timescale.
WARNING: [XSIM 43-4100] "C:/Users/husseinz/Desktop/New_ECE212/Lab10/Lab10_no_hazard_unit/pipeline_mips.sv" Line 314. Module flopenrc(WIDTH=32) has a timescale but at least one module in design doesn't have timescale.
WARNING: [XSIM 43-4100] "C:/Users/husseinz/Desktop/New_ECE212/Lab10/Lab10_no_hazard_unit/pipeline_mips.sv" Line 303. Module flopenr(WIDTH=32) has a timescale but at least one module in design doesn't have timescale.
WARNING: [XSIM 43-4100] "C:/Users/husseinz/Desktop/New_ECE212/Lab10/Lab10_no_hazard_unit/pipeline_mips.sv" Line 275. Module signext has a timescale but at least one module in design doesn't have timescale.
WARNING: [XSIM 43-4100] "C:/Users/husseinz/Desktop/New_ECE212/Lab10/Lab10_no_hazard_unit/pipeline_mips.sv" Line 268. Module sl2 has a timescale but at least one module in design doesn't have timescale.
WARNING: [XSIM 43-4100] "C:/Users/husseinz/Desktop/New_ECE212/Lab10/Lab10_no_hazard_unit/pipeline_mips.sv" Line 256. Module adder has a timescale but at least one module in design doesn't have timescale.
WARNING: [XSIM 43-4100] "C:/Users/husseinz/Desktop/New_ECE212/Lab10/Lab10_no_hazard_unit/pipeline_mips.sv" Line 326. Module mux2(WIDTH=32) has a timescale but at least one module in design doesn't have timescale.
WARNING: [XSIM 43-4100] "C:/Users/husseinz/Desktop/New_ECE212/Lab10/Lab10_no_hazard_unit/pipeline_mips.sv" Line 326. Module mux2(WIDTH=32) has a timescale but at least one module in design doesn't have timescale.
WARNING: [XSIM 43-4100] "C:/Users/husseinz/Desktop/New_ECE212/Lab10/Lab10_no_hazard_unit/pipeline_mips.sv" Line 262. Module eqcmp has a timescale but at least one module in design doesn't have timescale.
WARNING: [XSIM 43-4100] "C:/Users/husseinz/Desktop/New_ECE212/Lab10/Lab10_no_hazard_unit/pipeline_mips.sv" Line 292. Module floprc(WIDTH=32) has a timescale but at least one module in design doesn't have timescale.
WARNING: [XSIM 43-4100] "C:/Users/husseinz/Desktop/New_ECE212/Lab10/Lab10_no_hazard_unit/pipeline_mips.sv" Line 292. Module floprc(WIDTH=32) has a timescale but at least one module in design doesn't have timescale.
WARNING: [XSIM 43-4100] "C:/Users/husseinz/Desktop/New_ECE212/Lab10/Lab10_no_hazard_unit/pipeline_mips.sv" Line 292. Module floprc(WIDTH=32) has a timescale but at least one module in design doesn't have timescale.
WARNING: [XSIM 43-4100] "C:/Users/husseinz/Desktop/New_ECE212/Lab10/Lab10_no_hazard_unit/pipeline_mips.sv" Line 292. Module floprc(WIDTH=5) has a timescale but at least one module in design doesn't have timescale.
WARNING: [XSIM 43-4100] "C:/Users/husseinz/Desktop/New_ECE212/Lab10/Lab10_no_hazard_unit/pipeline_mips.sv" Line 292. Module floprc(WIDTH=5) has a timescale but at least one module in design doesn't have timescale.
WARNING: [XSIM 43-4100] "C:/Users/husseinz/Desktop/New_ECE212/Lab10/Lab10_no_hazard_unit/pipeline_mips.sv" Line 292. Module floprc(WIDTH=5) has a timescale but at least one module in design doesn't have timescale.
WARNING: [XSIM 43-4100] "C:/Users/husseinz/Desktop/New_ECE212/Lab10/Lab10_no_hazard_unit/pipeline_mips.sv" Line 334. Module mux3(WIDTH=32) has a timescale but at least one module in design doesn't have timescale.
WARNING: [XSIM 43-4100] "C:/Users/husseinz/Desktop/New_ECE212/Lab10/Lab10_no_hazard_unit/pipeline_mips.sv" Line 334. Module mux3(WIDTH=32) has a timescale but at least one module in design doesn't have timescale.
WARNING: [XSIM 43-4100] "C:/Users/husseinz/Desktop/New_ECE212/Lab10/Lab10_no_hazard_unit/pipeline_mips.sv" Line 326. Module mux2(WIDTH=32) has a timescale but at least one module in design doesn't have timescale.
WARNING: [XSIM 43-4100] "C:/Users/husseinz/Desktop/New_ECE212/Lab10/Lab10_no_hazard_unit/pipeline_mips.sv" Line 433. Module alu has a timescale but at least one module in design doesn't have timescale.
WARNING: [XSIM 43-4100] "C:/Users/husseinz/Desktop/New_ECE212/Lab10/Lab10_no_hazard_unit/pipeline_mips.sv" Line 326. Module mux2(WIDTH=5) has a timescale but at least one module in design doesn't have timescale.
WARNING: [XSIM 43-4100] "C:/Users/husseinz/Desktop/New_ECE212/Lab10/Lab10_no_hazard_unit/pipeline_mips.sv" Line 282. Module flopr(WIDTH=32) has a timescale but at least one module in design doesn't have timescale.
WARNING: [XSIM 43-4100] "C:/Users/husseinz/Desktop/New_ECE212/Lab10/Lab10_no_hazard_unit/pipeline_mips.sv" Line 282. Module flopr(WIDTH=32) has a timescale but at least one module in design doesn't have timescale.
WARNING: [XSIM 43-4100] "C:/Users/husseinz/Desktop/New_ECE212/Lab10/Lab10_no_hazard_unit/pipeline_mips.sv" Line 282. Module flopr(WIDTH=5) has a timescale but at least one module in design doesn't have timescale.
WARNING: [XSIM 43-4100] "C:/Users/husseinz/Desktop/New_ECE212/Lab10/Lab10_no_hazard_unit/pipeline_mips.sv" Line 282. Module flopr(WIDTH=32) has a timescale but at least one module in design doesn't have timescale.
WARNING: [XSIM 43-4100] "C:/Users/husseinz/Desktop/New_ECE212/Lab10/Lab10_no_hazard_unit/pipeline_mips.sv" Line 282. Module flopr(WIDTH=32) has a timescale but at least one module in design doesn't have timescale.
WARNING: [XSIM 43-4100] "C:/Users/husseinz/Desktop/New_ECE212/Lab10/Lab10_no_hazard_unit/pipeline_mips.sv" Line 282. Module flopr(WIDTH=5) has a timescale but at least one module in design doesn't have timescale.
WARNING: [XSIM 43-4100] "C:/Users/husseinz/Desktop/New_ECE212/Lab10/Lab10_no_hazard_unit/pipeline_mips.sv" Line 326. Module mux2(WIDTH=32) has a timescale but at least one module in design doesn't have timescale.
WARNING: [XSIM 43-4100] "C:/Users/husseinz/Desktop/New_ECE212/Lab10/Lab10_no_hazard_unit/mem.sv" Line 23. Module mem has a timescale but at least one module in design doesn't have timescale.
WARNING: [XSIM 43-4100] "C:/Users/husseinz/Desktop/New_ECE212/Lab10/Lab10_editable_non_hazard_unit/Lab10_editable_non_hazard_unit.sim/sim_1/behav/glbl.v" Line 6. Module glbl has a timescale but at least one module in design doesn't have timescale.
WARNING: [XSIM 43-4100] "C:/Users/husseinz/Desktop/New_ECE212/Lab10/Lab10_no_hazard_unit/top.sv" Line 21. Module top has a timescale but at least one module in design doesn't have timescale.
WARNING: [XSIM 43-4100] "C:/Users/husseinz/Desktop/New_ECE212/Lab10/Lab10_no_hazard_unit/pipeline_mips.sv" Line 20. Module pipeline_mips has a timescale but at least one module in design doesn't have timescale.
WARNING: [XSIM 43-4100] "C:/Users/husseinz/Desktop/New_ECE212/Lab10/Lab10_no_hazard_unit/pipeline_mips.sv" Line 47. Module controller has a timescale but at least one module in design doesn't have timescale.
WARNING: [XSIM 43-4100] "C:/Users/husseinz/Desktop/New_ECE212/Lab10/Lab10_no_hazard_unit/pipeline_mips.sv" Line 350. Module maindec has a timescale but at least one module in design doesn't have timescale.
WARNING: [XSIM 43-4100] "C:/Users/husseinz/Desktop/New_ECE212/Lab10/Lab10_no_hazard_unit/pipeline_mips.sv" Line 381. Module aludec has a timescale but at least one module in design doesn't have timescale.
WARNING: [XSIM 43-4100] "C:/Users/husseinz/Desktop/New_ECE212/Lab10/Lab10_no_hazard_unit/pipeline_mips.sv" Line 292. Module floprc(WIDTH=11) has a timescale but at least one module in design doesn't have timescale.
WARNING: [XSIM 43-4100] "C:/Users/husseinz/Desktop/New_ECE212/Lab10/Lab10_no_hazard_unit/pipeline_mips.sv" Line 282. Module flopr(WIDTH=3) has a timescale but at least one module in design doesn't have timescale.
WARNING: [XSIM 43-4100] "C:/Users/husseinz/Desktop/New_ECE212/Lab10/Lab10_no_hazard_unit/pipeline_mips.sv" Line 282. Module flopr(WIDTH=2) has a timescale but at least one module in design doesn't have timescale.
INFO: [Common 17-14] Message 'XSIM 43-4100' appears 50 times and further instances of the messages will be disabled. Use the Tcl command set_msg_config to change the current settings.
Completed simulation data flow analysis
Time Resolution for simulation is 1ps
Compiling module xil_defaultlib.maindec
Compiling module xil_defaultlib.aludec
Compiling module xil_defaultlib.floprc(WIDTH=11)
Compiling module xil_defaultlib.flopr(WIDTH=3)
Compiling module xil_defaultlib.flopr(WIDTH=2)
Compiling module xil_defaultlib.controller
Compiling module xil_defaultlib.mux2(WIDTH=32)
Compiling module xil_defaultlib.regfile
Compiling module xil_defaultlib.flopenr(WIDTH=32)
Compiling module xil_defaultlib.adder
Compiling module xil_defaultlib.flopenrc(WIDTH=32)
Compiling module xil_defaultlib.signext
Compiling module xil_defaultlib.sl2
Compiling module xil_defaultlib.eqcmp
Compiling module xil_defaultlib.floprc(WIDTH=32)
Compiling module xil_defaultlib.floprc(WIDTH=5)
Compiling module xil_defaultlib.mux3(WIDTH=32)
Compiling module xil_defaultlib.alu
Compiling module xil_defaultlib.mux2(WIDTH=5)
Compiling module xil_defaultlib.flopr(WIDTH=32)
Compiling module xil_defaultlib.flopr(WIDTH=5)
Compiling module xil_defaultlib.datapath
Compiling module xil_defaultlib.pipeline_mips
Compiling module xil_defaultlib.mem
Compiling module xil_defaultlib.top
Compiling module xil_defaultlib.testbench
Compiling module xil_defaultlib.glbl
Built simulation snapshot testbench_behav
INFO: [USF-XSim-69] 'elaborate' step finished in '4' seconds
Vivado Simulator 2016.2
Time resolution is 1 ps
...Error: Unkown Funct x
Error -ALU x
Error- Funct 0
...Error: Unkown Funct x
...Error: Unkown Funct x
...Error: Unkown Funct x
relaunch_sim: Time (s): cpu = 00:00:00 ; elapsed = 00:00:08 . Memory (MB): peak = 958.230 ; gain = 0.000
close_sim
INFO: [Simtcl 6-16] Simulation closed
exit
INFO: [Common 17-206] Exiting Vivado at Wed May 03 15:21:33 2017...
