#-----------------------------------------------------------
<<<<<<< HEAD
# Webtalk v2016.2 (64-bit)
# SW Build 1577090 on Thu Jun  2 16:32:40 MDT 2016
# IP Build 1577682 on Fri Jun  3 12:00:54 MDT 2016
# Start of session at: Mon Apr 10 23:27:15 2017
# Process ID: 10004
=======
# Webtalk v2016.3 (64-bit)
# SW Build 1682563 on Mon Oct 10 19:07:27 MDT 2016
# IP Build 1681267 on Mon Oct 10 21:28:31 MDT 2016
# Start of session at: Mon Apr 10 22:17:42 2017
# Process ID: 6528
>>>>>>> origin/master
# Current directory: C:/Users/husseinz/Desktop/New_ECE212/Lab7/Lab_7/Lab_7.sim/sim_1/behav
# Command line: wbtcv.exe -mode batch -source C:/Users/husseinz/Desktop/New_ECE212/Lab7/Lab_7/Lab_7.sim/sim_1/behav/xsim.dir/testbench_behav/webtalk/xsim_webtalk.tcl -notrace
# Log file: C:/Users/husseinz/Desktop/New_ECE212/Lab7/Lab_7/Lab_7.sim/sim_1/behav/webtalk.log
# Journal file: C:/Users/husseinz/Desktop/New_ECE212/Lab7/Lab_7/Lab_7.sim/sim_1/behav\webtalk.jou
#-----------------------------------------------------------
source C:/Users/husseinz/Desktop/New_ECE212/Lab7/Lab_7/Lab_7.sim/sim_1/behav/xsim.dir/testbench_behav/webtalk/xsim_webtalk.tcl -notrace
<<<<<<< HEAD
INFO: [Common 17-206] Exiting Webtalk at Mon Apr 10 23:27:15 2017...
=======
INFO: [Common 17-186] 'C:/Users/husseinz/Desktop/New_ECE212/Lab7/Lab_7/Lab_7.sim/sim_1/behav/xsim.dir/testbench_behav/webtalk/usage_statistics_ext_xsim.xml' has been successfully sent to Xilinx on Mon Apr 10 22:17:44 2017. For additional details about this file, please refer to the WebTalk help file at C:/Xilinx/Vivado/2016.3/doc/webtalk_introduction.html.
INFO: [Common 17-206] Exiting Webtalk at Mon Apr 10 22:17:44 2017...
>>>>>>> origin/master
