#-----------------------------------------------------------
# Vivado v2016.2 (64-bit)
# SW Build 1577090 on Thu Jun  2 16:32:40 MDT 2016
# IP Build 1577682 on Fri Jun  3 12:00:54 MDT 2016
# Start of session at: Mon Feb 27 14:41:30 2017
# Process ID: 5312
# Current directory: C:/Users/husseinz/Desktop/ece_212/Lab3
# Command line: vivado.exe -gui_launcher_event rodinguilauncherevent2220 C:\Users\husseinz\Desktop\ece_212\Lab3\Lab3.xpr
# Log file: C:/Users/husseinz/Desktop/ece_212/Lab3/vivado.log
# Journal file: C:/Users/husseinz/Desktop/ece_212/Lab3\vivado.jou
#-----------------------------------------------------------
start_gui
open_project C:/Users/husseinz/Desktop/ece_212/Lab3/Lab3.xpr
Scanning sources...
Finished scanning sources
INFO: [IP_Flow 19-234] Refreshing IP repositories
INFO: [IP_Flow 19-1704] No user IP repositories specified
INFO: [IP_Flow 19-2313] Loaded Vivado IP repository 'C:/Xilinx/Vivado/2016.2/data/ip'.
update_compile_order -fileset sources_1
add_files -norecurse {C:/Users/husseinz/Desktop/ece_212/Lab3/Lab3.srcs/sources_1/new/Number_FSM.sv C:/Users/husseinz/Desktop/ece_212/Lab3/Lab3.srcs/sources_1/new/Character_creator.sv C:/Users/husseinz/Desktop/ece_212/Lab3/Lab3.srcs/sources_1/new/TOP_BRAM.sv C:/Users/husseinz/Desktop/ece_212/Lab3/Lab3.srcs/sources_1/new/Number_counter.sv C:/Users/husseinz/Desktop/ece_212/Lab3/Lab3.srcs/sources_1/new/Scroller.sv C:/Users/husseinz/Desktop/ece_212/Lab3/Lab3.srcs/sources_1/new/BOTTOM_BRAM.sv}
update_compile_order -fileset sources_1
update_compile_order -fileset sources_1
reset_run synth_1
launch_runs impl_1 -to_step write_bitstream
[Mon Feb 27 15:21:00 2017] Launched synth_1...
Run output will be captured here: C:/Users/husseinz/Desktop/ece_212/Lab3/Lab3.runs/synth_1/runme.log
[Mon Feb 27 15:21:00 2017] Launched impl_1...
Run output will be captured here: C:/Users/husseinz/Desktop/ece_212/Lab3/Lab3.runs/impl_1/runme.log
INFO: [Device 21-403] Loading part xc7a100tcsg324-1
WARNING: [IP_Flow 19-4067] Ignoring invalid widget type specified checkbox.Providing a default widget
WARNING: [IP_Flow 19-4067] Ignoring invalid widget type specified checkbox.Providing a default widget
create_bd_design "character"
Wrote  : <C:/Users/husseinz/Desktop/ece_212/Lab3/Lab3.srcs/sources_1/bd/character/character.bd> 
update_compile_order -fileset sources_1
startgroup
create_bd_cell -type ip -vlnv xilinx.com:ip:blk_mem_gen:8.3 blk_mem_gen_0
endgroup
save_bd_design
Wrote  : <C:/Users/husseinz/Desktop/ece_212/Lab3/Lab3.srcs/sources_1/bd/character/character.bd> 
