#-----------------------------------------------------------
# Vivado v2016.2 (64-bit)
# SW Build 1577090 on Thu Jun  2 16:32:40 MDT 2016
# IP Build 1577682 on Fri Jun  3 12:00:54 MDT 2016
# Start of session at: Mon May 01 15:26:09 2017
# Process ID: 6768
# Current directory: C:/Users/husseinz/Desktop/New_ECE212/Lab8/Lab8
# Command line: vivado.exe -gui_launcher_event rodinguilauncherevent5116 C:\Users\husseinz\Desktop\New_ECE212\Lab8\Lab8\Lab8.xpr
# Log file: C:/Users/husseinz/Desktop/New_ECE212/Lab8/Lab8/vivado.log
# Journal file: C:/Users/husseinz/Desktop/New_ECE212/Lab8/Lab8\vivado.jou
#-----------------------------------------------------------
start_gui
open_project C:/Users/husseinz/Desktop/New_ECE212/Lab8/Lab8/Lab8.xpr
Scanning sources...
Finished scanning sources
INFO: [IP_Flow 19-234] Refreshing IP repositories
INFO: [IP_Flow 19-1704] No user IP repositories specified
INFO: [IP_Flow 19-2313] Loaded Vivado IP repository 'C:/Xilinx/Vivado/2016.2/data/ip'.
update_compile_order -fileset sources_1
exit
INFO: [Common 17-206] Exiting Vivado at Mon May 01 15:35:38 2017...
